[debug] [2023-11-13T15:02:24.412Z] ----------------------------------------------------------------------
[debug] [2023-11-13T15:02:24.414Z] Command:       C:\Program Files\nodejs\node.exe C:\Users\rohit\AppData\Roaming\npm\node_modules\firebase-tools\lib\bin\firebase.js init
[debug] [2023-11-13T15:02:24.414Z] CLI Version:   12.8.1
[debug] [2023-11-13T15:02:24.415Z] Platform:      win32
[debug] [2023-11-13T15:02:24.415Z] Node Version:  v18.18.0
[debug] [2023-11-13T15:02:24.416Z] Time:          Mon Nov 13 2023 20:32:24 GMT+0530 (India Standard Time)
[debug] [2023-11-13T15:02:24.416Z] ----------------------------------------------------------------------
[debug] 
[debug] [2023-11-13T15:02:24.422Z] > command requires scopes: ["email","openid","https://www.googleapis.com/auth/cloudplatformprojects.readonly","https://www.googleapis.com/auth/firebase","https://www.googleapis.com/auth/cloud-platform"]
[debug] [2023-11-13T15:02:24.423Z] > authorizing via signed-in user (rohitmandal21062004@gmail.com)
[info] 
     ######## #### ########  ######## ########     ###     ######  ########
     ##        ##  ##     ## ##       ##     ##  ##   ##  ##       ##
     ######    ##  ########  ######   ########  #########  ######  ######
     ##        ##  ##    ##  ##       ##     ## ##     ##       ## ##
     ##       #### ##     ## ######## ########  ##     ##  ######  ########

You're about to initialize a Firebase project in this directory:

  C:\Users\rohit\OneDrive\Desktop\project_mom

[info] 
=== Project Setup
[info] 
[info] First, let's associate this project directory with a Firebase project.
[info] You can create multiple project aliases by running firebase use --add, 
[info] but for now we'll just set up a default project.
[info] 
[debug] [2023-11-13T15:02:56.359Z] >>> [apiv2][query] GET https://firebase.googleapis.com/v1beta1/projects pageSize=100
[debug] [2023-11-13T15:02:57.368Z] <<< [apiv2][status] GET https://firebase.googleapis.com/v1beta1/projects 200
[debug] [2023-11-13T15:02:57.368Z] <<< [apiv2][body] GET https://firebase.googleapis.com/v1beta1/projects [omitted]
[info] i  Using project shophub-708c3 (ShopHub) 
[info] 
=== Hosting Setup
[info] 
[info] Your public directory is the folder (relative to your project directory) that
[info] will contain Hosting assets to be uploaded with firebase deploy. If you
[info] have a build process for your assets, use your build's output directory.
[info] 
[debug] [2023-11-13T15:03:11.697Z] >>> [apiv2][query] GET https://www.gstatic.com/firebasejs/releases.json [none]
[debug] [2023-11-13T15:03:13.068Z] <<< [apiv2][status] GET https://www.gstatic.com/firebasejs/releases.json 200
[debug] [2023-11-13T15:03:13.068Z] <<< [apiv2][body] GET https://www.gstatic.com/firebasejs/releases.json {"current":{"version":"10.6.0","browserURL":"https://www.gstatic.com/firebasejs/10.6.0/firebase.js","packageURL":"https://www.gstatic.com/firebasejs/10.6.0/firebase.tgz"},"live":{"version":"10.6","browserURL":"https://www.gstatic.com/firebasejs/live/10.6/firebase.js","packageURL":"https://www.gstatic.com/firebasejs/live/10.6/firebase.tgz"},"components":{"analytics":"https://www.gstatic.com/firebasejs/10.6.0/firebase-analytics.js","app":"https://www.gstatic.com/firebasejs/10.6.0/firebase-app.js","app-check":"https://www.gstatic.com/firebasejs/10.6.0/firebase-app-check.js","auth":"https://www.gstatic.com/firebasejs/10.6.0/firebase-auth.js","auth/cordova":"https://www.gstatic.com/firebasejs/10.6.0/firebase-auth/cordova.js","functions":"https://www.gstatic.com/firebasejs/10.6.0/firebase-functions.js","firestore":"https://www.gstatic.com/firebasejs/10.6.0/firebase-firestore.js","firestore/lite":"https://www.gstatic.com/firebasejs/10.6.0/firebase-firestore/lite.js","installations":"https://www.gstatic.com/firebasejs/10.6.0/firebase-installations.js","storage":"https://www.gstatic.com/firebasejs/10.6.0/firebase-storage.js","performance":"https://www.gstatic.com/firebasejs/10.6.0/firebase-performance.js","remote-config":"https://www.gstatic.com/firebasejs/10.6.0/firebase-remote-config.js","messaging":"https://www.gstatic.com/firebasejs/10.6.0/firebase-messaging.js","messaging/sw":"https://www.gstatic.com/firebasejs/10.6.0/firebase-messaging/sw.js","database":"https://www.gstatic.com/firebasejs/10.6.0/firebase-database.js","firestore.memory":"https://www.gstatic.com/firebasejs/10.6.0/firebase-firestore.memory.js"}}
[info] +  Wrote public/index.html 
[info] 
[info] i  Didn't detect a .git folder. Assuming C:\Users\rohit\OneDrive\Desktop\project_mom is the project root. 
[info] i  Authorizing with GitHub to upload your service account to a GitHub repository's secrets store. 
[info] 
[info] Visit this URL on this device to log in:
[info] https://github.com/login/oauth/authorize?client_id=89cf50f02ac6aaed3484&state=693689275&redirect_uri=http%3A%2F%2Flocalhost%3A9005&scope=read%3Auser%20repo%20public_repo
[info] 
[info] Waiting for authentication...
[debug] [2023-11-13T15:03:36.330Z] >>> [apiv2][query] POST https://github.com/login/oauth/access_token [none]
[debug] [2023-11-13T15:03:36.330Z] >>> [apiv2][body] POST https://github.com/login/oauth/access_token [stream]
[debug] [2023-11-13T15:03:36.913Z] <<< [apiv2][status] POST https://github.com/login/oauth/access_token 200
[debug] [2023-11-13T15:03:36.913Z] <<< [apiv2][body] POST https://github.com/login/oauth/access_token {"access_token":"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","token_type":"bearer","scope":"read:user,repo"}
[debug] [2023-11-13T15:03:36.925Z] >>> [apiv2][query] GET https://api.github.com/user [none]
[debug] [2023-11-13T15:03:37.507Z] <<< [apiv2][status] GET https://api.github.com/user 200
[debug] [2023-11-13T15:03:37.507Z] <<< [apiv2][body] GET https://api.github.com/user {"login":"Ro706","id":60247178,"node_id":"MDQ6VXNlcjYwMjQ3MTc4","avatar_url":"https://avatars.githubusercontent.com/u/60247178?v=4","gravatar_id":"","url":"https://api.github.com/users/Ro706","html_url":"https://github.com/Ro706","followers_url":"https://api.github.com/users/Ro706/followers","following_url":"https://api.github.com/users/Ro706/following{/other_user}","gists_url":"https://api.github.com/users/Ro706/gists{/gist_id}","starred_url":"https://api.github.com/users/Ro706/starred{/owner}{/repo}","subscriptions_url":"https://api.github.com/users/Ro706/subscriptions","organizations_url":"https://api.github.com/users/Ro706/orgs","repos_url":"https://api.github.com/users/Ro706/repos","events_url":"https://api.github.com/users/Ro706/events{/privacy}","received_events_url":"https://api.github.com/users/Ro706/received_events","type":"User","site_admin":false,"name":"Rohit Mandal","company":null,"blog":"https://ro706.github.io/","location":"India","email":null,"hireable":null,"bio":"Hi there! I’m Ro706, a future programmer and web developer. I love working with tools that make development easier and more efficient. Check Out my new project!","twitter_username":"RohitMa68312212","public_repos":138,"public_gists":1,"followers":46,"following":25,"created_at":"2020-01-24T02:59:31Z","updated_at":"2023-11-08T12:48:52Z","private_gists":1,"total_private_repos":9,"owned_private_repos":9,"disk_usage":93167,"collaborators":0,"two_factor_authentication":true,"plan":{"name":"pro","space":976562499,"collaborators":0,"private_repos":9999}}
[info] 
[info] +  Success! Logged into GitHub as Ro706 
[info] 
